This file contains any messages produced by compilers while
running configure, to aid debugging if configure makes a mistake.

It was created by libp0f configure 2.0.8, which was
generated by GNU Autoconf 2.65.  Invocation command line was

  $ ./configure --prefix=/usr/local

## --------- ##
## Platform. ##
## --------- ##

hostname = eric.setjmp.lan
uname -m = amd64
uname -r = 10.1-STABLE
uname -s = FreeBSD
uname -v = FreeBSD 10.1-STABLE #0 r283536: Wed May 27 20:03:10 EDT 2015     root@gw.setjmp.lan:/usr/obj/usr/src/sys/ERIC 

/usr/bin/uname -p = amd64
/bin/uname -X     = unknown

/bin/arch              = unknown
/usr/bin/arch -k       = unknown
/usr/convex/getsysinfo = unknown
/usr/bin/hostinfo      = unknown
/bin/machine           = unknown
/usr/bin/oslevel       = unknown
/bin/universe          = unknown

PATH: /sbin
PATH: /bin
PATH: /usr/sbin
PATH: /usr/bin
PATH: /usr/games
PATH: /usr/local/sbin
PATH: /usr/local/bin
PATH: /root/bin


## ----------- ##
## Core tests. ##
## ----------- ##

configure:2335: checking for a BSD-compatible install
configure:2403: result: /usr/bin/install -c
configure:2414: checking whether build environment is sane
configure:2464: result: yes
configure:2605: checking for a thread-safe mkdir -p
configure:2644: result: ./install-sh -c -d
configure:2657: checking for gawk
configure:2687: result: no
configure:2657: checking for mawk
configure:2687: result: no
configure:2657: checking for nawk
configure:2673: found /usr/bin/nawk
configure:2684: result: nawk
configure:2695: checking whether make sets $(MAKE)
configure:2717: result: yes
configure:2851: checking for gcc
configure:2881: result: no
configure:2944: checking for cc
configure:2965: found /usr/bin/cc
configure:2988: result: cc
configure:3107: checking for C compiler version
configure:3116: cc --version >&5
FreeBSD clang version 3.4.1 (tags/RELEASE_34/dot1-final 208032) 20140512
Target: x86_64-unknown-freebsd10.1
Thread model: posix
configure:3127: $? = 0
configure:3116: cc -v >&5
FreeBSD clang version 3.4.1 (tags/RELEASE_34/dot1-final 208032) 20140512
Target: x86_64-unknown-freebsd10.1
Thread model: posix
Selected GCC installation: 
configure:3127: $? = 0
configure:3116: cc -V >&5
cc: error: argument to '-V' is missing (expected 1 value)
cc: error: no input files
configure:3127: $? = 1
configure:3116: cc -qversion >&5
cc: error: unknown argument: '-qversion'
cc: error: no input files
configure:3127: $? = 1
configure:3147: checking whether the C compiler works
configure:3169: cc    conftest.c  >&5
configure:3173: $? = 0
configure:3222: result: yes
configure:3225: checking for C compiler default output file name
configure:3227: result: a.out
configure:3233: checking for suffix of executables
configure:3240: cc -o conftest    conftest.c  >&5
configure:3244: $? = 0
configure:3266: result: 
configure:3288: checking whether we are cross compiling
configure:3296: cc -o conftest    conftest.c  >&5
configure:3300: $? = 0
configure:3307: ./conftest
configure:3311: $? = 0
configure:3326: result: no
configure:3331: checking for suffix of object files
configure:3353: cc -c   conftest.c >&5
configure:3357: $? = 0
configure:3378: result: o
configure:3382: checking whether we are using the GNU C compiler
configure:3401: cc -c   conftest.c >&5
configure:3401: $? = 0
configure:3410: result: yes
configure:3419: checking whether cc accepts -g
configure:3439: cc -c -g  conftest.c >&5
configure:3439: $? = 0
configure:3480: result: yes
configure:3497: checking for cc option to accept ISO C89
configure:3561: cc  -c -g -O2  conftest.c >&5
configure:3561: $? = 0
configure:3574: result: none needed
configure:3605: checking for style of include used by make
configure:3633: result: GNU
configure:3658: checking dependency style of cc
configure:3768: result: gcc3
configure:3813: checking build system type
configure:3827: result: x86_64-unknown-freebsd10.1
configure:3847: checking host system type
configure:3860: result: x86_64-unknown-freebsd10.1
configure:3880: checking for a sed that does not truncate output
configure:3944: result: /usr/bin/sed
configure:3962: checking for grep that handles long lines and -e
configure:4020: result: /usr/bin/grep
configure:4025: checking for egrep
configure:4087: result: /usr/bin/grep -E
configure:4092: checking for fgrep
configure:4154: result: /usr/bin/grep -F
configure:4189: checking for ld used by cc
configure:4256: result: /usr/bin/ld
configure:4263: checking if the linker (/usr/bin/ld) is GNU ld
configure:4278: result: yes
configure:4290: checking for BSD- or MS-compatible name lister (nm)
configure:4339: result: /usr/bin/nm -B
configure:4457: checking the name lister (/usr/bin/nm -B) interface
configure:4464: cc -c -g -O2  conftest.c >&5
configure:4467: /usr/bin/nm -B "conftest.o"
configure:4470: output
0000000000000000 B some_variable
configure:4477: result: BSD nm
configure:4480: checking whether ln -s works
configure:4484: result: yes
configure:4492: checking the maximum length of command line arguments
configure:4612: result: 196608
configure:4629: checking whether the shell understands some XSI constructs
configure:4639: result: yes
configure:4643: checking whether the shell understands "+="
configure:4649: result: no
configure:4684: checking for /usr/bin/ld option to reload object files
configure:4691: result: -r
configure:4760: checking for objdump
configure:4776: found /usr/bin/objdump
configure:4787: result: objdump
configure:4819: checking how to recognize dependent libraries
configure:5015: result: pass_all
configure:5075: checking for ar
configure:5091: found /usr/bin/ar
configure:5102: result: ar
configure:5180: checking for strip
configure:5196: found /usr/bin/strip
configure:5207: result: strip
configure:5279: checking for ranlib
configure:5295: found /usr/bin/ranlib
configure:5306: result: ranlib
configure:5396: checking command to parse /usr/bin/nm -B output from cc object
configure:5514: cc -c -g -O2  conftest.c >&5
configure:5517: $? = 0
configure:5521: /usr/bin/nm -B conftest.o \| sed -n -e 's/^.*[	 ]\([ABCDGIRSTW][ABCDGIRSTW]*\)[	 ][	 ]*\([_A-Za-z][_A-Za-z0-9]*\)$/\1 \2 \2/p' \> conftest.nm
configure:5524: $? = 0
configure:5578: cc -o conftest -g -O2   conftest.c conftstm.o >&5
configure:5581: $? = 0
configure:5619: result: ok
configure:6428: checking how to run the C preprocessor
configure:6459: cc -E  conftest.c
configure:6459: $? = 0
configure:6473: cc -E  conftest.c
conftest.c:11:10: fatal error: 'ac_nonexistent.h' file not found
#include <ac_nonexistent.h>
         ^
1 error generated.
configure:6473: $? = 1
configure: failed program was:
| /* confdefs.h */
| #define PACKAGE_NAME "libp0f"
| #define PACKAGE_TARNAME "libp0f"
| #define PACKAGE_VERSION "2.0.8"
| #define PACKAGE_STRING "libp0f 2.0.8"
| #define PACKAGE_BUGREPORT ""
| #define PACKAGE_URL ""
| #define PACKAGE "libp0f"
| #define VERSION "2.0.8"
| /* end confdefs.h.  */
| #include <ac_nonexistent.h>
configure:6498: result: cc -E
configure:6518: cc -E  conftest.c
configure:6518: $? = 0
configure:6532: cc -E  conftest.c
conftest.c:11:10: fatal error: 'ac_nonexistent.h' file not found
#include <ac_nonexistent.h>
         ^
1 error generated.
configure:6532: $? = 1
configure: failed program was:
| /* confdefs.h */
| #define PACKAGE_NAME "libp0f"
| #define PACKAGE_TARNAME "libp0f"
| #define PACKAGE_VERSION "2.0.8"
| #define PACKAGE_STRING "libp0f 2.0.8"
| #define PACKAGE_BUGREPORT ""
| #define PACKAGE_URL ""
| #define PACKAGE "libp0f"
| #define VERSION "2.0.8"
| /* end confdefs.h.  */
| #include <ac_nonexistent.h>
configure:6561: checking for ANSI C header files
configure:6581: cc -c -g -O2  conftest.c >&5
configure:6581: $? = 0
configure:6654: cc -o conftest -g -O2   conftest.c  >&5
configure:6654: $? = 0
configure:6654: ./conftest
configure:6654: $? = 0
configure:6665: result: yes
configure:6678: checking for sys/types.h
configure:6678: cc -c -g -O2  conftest.c >&5
configure:6678: $? = 0
configure:6678: result: yes
configure:6678: checking for sys/stat.h
configure:6678: cc -c -g -O2  conftest.c >&5
configure:6678: $? = 0
configure:6678: result: yes
configure:6678: checking for stdlib.h
configure:6678: cc -c -g -O2  conftest.c >&5
configure:6678: $? = 0
configure:6678: result: yes
configure:6678: checking for string.h
configure:6678: cc -c -g -O2  conftest.c >&5
configure:6678: $? = 0
configure:6678: result: yes
configure:6678: checking for memory.h
configure:6678: cc -c -g -O2  conftest.c >&5
configure:6678: $? = 0
configure:6678: result: yes
configure:6678: checking for strings.h
configure:6678: cc -c -g -O2  conftest.c >&5
configure:6678: $? = 0
configure:6678: result: yes
configure:6678: checking for inttypes.h
configure:6678: cc -c -g -O2  conftest.c >&5
configure:6678: $? = 0
configure:6678: result: yes
configure:6678: checking for stdint.h
configure:6678: cc -c -g -O2  conftest.c >&5
configure:6678: $? = 0
configure:6678: result: yes
configure:6678: checking for unistd.h
configure:6678: cc -c -g -O2  conftest.c >&5
configure:6678: $? = 0
configure:6678: result: yes
configure:6693: checking for dlfcn.h
configure:6693: cc -c -g -O2  conftest.c >&5
configure:6693: $? = 0
configure:6693: result: yes
configure:6877: checking for objdir
configure:6892: result: .libs
configure:7188: checking if cc supports -fno-rtti -fno-exceptions
configure:7206: cc -c -g -O2  -fno-rtti -fno-exceptions conftest.c >&5
configure:7210: $? = 0
configure:7223: result: yes
configure:7243: checking for cc option to produce PIC
configure:7515: result: -fPIC -DPIC
configure:7527: checking if cc PIC flag -fPIC -DPIC works
configure:7545: cc -c -g -O2  -fPIC -DPIC -DPIC conftest.c >&5
configure:7549: $? = 0
configure:7562: result: yes
configure:7586: checking if cc static flag -static works
configure:7614: result: yes
configure:7629: checking if cc supports -c -o file.o
configure:7650: cc -c -g -O2  -o out/conftest2.o conftest.c >&5
configure:7654: $? = 0
configure:7676: result: yes
configure:7684: checking if cc supports -c -o file.o
configure:7731: result: yes
configure:7764: checking whether the cc linker (/usr/bin/ld) supports shared libraries
configure:8750: result: yes
configure:8787: checking whether -lc should be explicitly linked in
configure:8792: cc -c -g -O2  conftest.c >&5
configure:8795: $? = 0
configure:8810: cc -shared conftest.o  -v -Wl,-soname -Wl,conftest -o conftest 2\>\&1 \| /usr/bin/grep  -lc  \>/dev/null 2\>\&1
configure:8813: $? = 0
configure:8825: result: no
configure:8989: checking dynamic linker characteristics
configure:9640: result: no
configure:9742: checking how to hardcode library paths into programs
configure:9767: result: immediate
configure:10287: checking whether stripping libraries is possible
configure:10292: result: yes
configure:10327: checking if libtool supports shared libraries
configure:10329: result: no
configure:10332: checking whether to build shared libraries
configure:10353: result: no
configure:10356: checking whether to build static libraries
configure:10360: result: yes
configure:10399: checking whether cc understands -c and -o together
configure:10427: cc -c conftest.c -o conftest2.o >&5
configure:10431: $? = 0
configure:10437: cc -c conftest.c -o conftest2.o >&5
configure:10441: $? = 0
configure:10496: result: yes
configure:10522: checking for C/C++ restrict keyword
configure:10547: cc -c -g -O2  conftest.c >&5
configure:10547: $? = 0
configure:10555: result: __restrict
configure:10568: checking for an ANSI C-conforming const
configure:10633: cc -c -g -O2  conftest.c >&5
configure:10633: $? = 0
configure:10640: result: yes
configure:10680: checking for pcap_open_offline in -lpcap
configure:10705: cc -o conftest -g -O2   conftest.c -lpcap   >&5
configure:10705: $? = 0
configure:10714: result: yes
configure:10730: checking pcap.h usability
configure:10730: cc -c -g -O2  conftest.c >&5
configure:10730: $? = 0
configure:10730: result: yes
configure:10730: checking pcap.h presence
configure:10730: cc -E  conftest.c
configure:10730: $? = 0
configure:10730: result: yes
configure:10730: checking for pcap.h
configure:10730: result: yes
configure:10869: creating ./config.status

## ---------------------- ##
## Running config.status. ##
## ---------------------- ##

This file was extended by libp0f config.status 2.0.8, which was
generated by GNU Autoconf 2.65.  Invocation command line was

  CONFIG_FILES    = 
  CONFIG_HEADERS  = 
  CONFIG_LINKS    = 
  CONFIG_COMMANDS = 
  $ ./config.status 

on eric.setjmp.lan

config.status:1068: creating Makefile
config.status:1068: creating src/Makefile
config.status:1068: creating src/library/Makefile
config.status:1068: creating src/app/Makefile
config.status:1068: creating include/Makefile
config.status:1068: creating etc/Makefile
config.status:1068: creating libp0f.pc
config.status:1068: creating include/p0f/config.h
config.status:1240: include/p0f/config.h is unchanged
config.status:1288: executing depfiles commands
config.status:1288: executing libtool commands

## ---------------- ##
## Cache variables. ##
## ---------------- ##

ac_cv_build=x86_64-unknown-freebsd10.1
ac_cv_c_compiler_gnu=yes
ac_cv_c_const=yes
ac_cv_c_restrict=__restrict
ac_cv_env_CC_set=''
ac_cv_env_CC_value=''
ac_cv_env_CFLAGS_set=''
ac_cv_env_CFLAGS_value=''
ac_cv_env_CPPFLAGS_set=''
ac_cv_env_CPPFLAGS_value=''
ac_cv_env_CPP_set=''
ac_cv_env_CPP_value=''
ac_cv_env_LDFLAGS_set=''
ac_cv_env_LDFLAGS_value=''
ac_cv_env_LIBS_set=''
ac_cv_env_LIBS_value=''
ac_cv_env_build_alias_set=''
ac_cv_env_build_alias_value=''
ac_cv_env_host_alias_set=''
ac_cv_env_host_alias_value=''
ac_cv_env_target_alias_set=''
ac_cv_env_target_alias_value=''
ac_cv_header_dlfcn_h=yes
ac_cv_header_inttypes_h=yes
ac_cv_header_memory_h=yes
ac_cv_header_pcap_h=yes
ac_cv_header_stdc=yes
ac_cv_header_stdint_h=yes
ac_cv_header_stdlib_h=yes
ac_cv_header_string_h=yes
ac_cv_header_strings_h=yes
ac_cv_header_sys_stat_h=yes
ac_cv_header_sys_types_h=yes
ac_cv_header_unistd_h=yes
ac_cv_host=x86_64-unknown-freebsd10.1
ac_cv_lib_pcap_pcap_open_offline=yes
ac_cv_objext=o
ac_cv_path_EGREP='/usr/bin/grep -E'
ac_cv_path_FGREP='/usr/bin/grep -F'
ac_cv_path_GREP=/usr/bin/grep
ac_cv_path_SED=/usr/bin/sed
ac_cv_path_install='/usr/bin/install -c'
ac_cv_prog_AWK=nawk
ac_cv_prog_CC=cc
ac_cv_prog_CPP='cc -E'
ac_cv_prog_ac_ct_AR=ar
ac_cv_prog_ac_ct_OBJDUMP=objdump
ac_cv_prog_ac_ct_RANLIB=ranlib
ac_cv_prog_ac_ct_STRIP=strip
ac_cv_prog_cc_c89=''
ac_cv_prog_cc_cc_c_o=yes
ac_cv_prog_cc_g=yes
ac_cv_prog_make_make_set=yes
am_cv_CC_dependencies_compiler_type=gcc3
lt_cv_deplibs_check_method=pass_all
lt_cv_file_magic_cmd='$MAGIC_CMD'
lt_cv_file_magic_test_file=''
lt_cv_ld_reload_flag=-r
lt_cv_nm_interface='BSD nm'
lt_cv_objdir=.libs
lt_cv_path_LD=/usr/bin/ld
lt_cv_path_NM='/usr/bin/nm -B'
lt_cv_prog_compiler_c_o=yes
lt_cv_prog_compiler_pic_works=yes
lt_cv_prog_compiler_rtti_exceptions=yes
lt_cv_prog_compiler_static_works=yes
lt_cv_prog_gnu_ld=yes
lt_cv_sys_global_symbol_pipe='sed -n -e '\''s/^.*[	 ]\([ABCDGIRSTW][ABCDGIRSTW]*\)[	 ][	 ]*\([_A-Za-z][_A-Za-z0-9]*\)$/\1 \2 \2/p'\'
lt_cv_sys_global_symbol_to_c_name_address='sed -n -e '\''s/^: \([^ ]*\) $/  {\"\1\", (void *) 0},/p'\'' -e '\''s/^[ABCDGIRSTW]* \([^ ]*\) \([^ ]*\)$/  {"\2", (void *) \&\2},/p'\'
lt_cv_sys_global_symbol_to_c_name_address_lib_prefix='sed -n -e '\''s/^: \([^ ]*\) $/  {\"\1\", (void *) 0},/p'\'' -e '\''s/^[ABCDGIRSTW]* \([^ ]*\) \(lib[^ ]*\)$/  {"\2", (void *) \&\2},/p'\'' -e '\''s/^[ABCDGIRSTW]* \([^ ]*\) \([^ ]*\)$/  {"lib\2", (void *) \&\2},/p'\'
lt_cv_sys_global_symbol_to_cdecl='sed -n -e '\''s/^T .* \(.*\)$/extern int \1();/p'\'' -e '\''s/^[ABCDGIRSTW]* .* \(.*\)$/extern char \1;/p'\'
lt_cv_sys_max_cmd_len=196608

## ----------------- ##
## Output variables. ##
## ----------------- ##

ACLOCAL='${SHELL} /usr/ports/net/libp0f-setjmp/p0flib/libp0f/missing --run aclocal-1.11'
AMDEPBACKSLASH='\'
AMDEP_FALSE='#'
AMDEP_TRUE=''
AMTAR='${SHELL} /usr/ports/net/libp0f-setjmp/p0flib/libp0f/missing --run tar'
AR='ar'
AUTOCONF='${SHELL} /usr/ports/net/libp0f-setjmp/p0flib/libp0f/missing --run autoconf'
AUTOHEADER='${SHELL} /usr/ports/net/libp0f-setjmp/p0flib/libp0f/missing --run autoheader'
AUTOMAKE='${SHELL} /usr/ports/net/libp0f-setjmp/p0flib/libp0f/missing --run automake-1.11'
AWK='nawk'
CC='cc'
CCDEPMODE='depmode=gcc3'
CFLAGS='-g -O2'
CPP='cc -E'
CPPFLAGS=''
CYGPATH_W='echo'
DEFS='-DHAVE_CONFIG_H'
DEPDIR='.deps'
DSYMUTIL=''
DUMPBIN=''
ECHO_C=''
ECHO_N='-n'
ECHO_T=''
EGREP='/usr/bin/grep -E'
EXEEXT=''
FGREP='/usr/bin/grep -F'
GREP='/usr/bin/grep'
INSTALL_DATA='${INSTALL} -m 644'
INSTALL_PROGRAM='${INSTALL}'
INSTALL_SCRIPT='${INSTALL}'
INSTALL_STRIP_PROGRAM='$(install_sh) -c -s'
LD='/usr/bin/ld'
LDFLAGS=''
LIBOBJS=''
LIBS='-lpcap '
LIBTOOL='$(SHELL) $(top_builddir)/libtool'
LIPO=''
LN_S='ln -s'
LTLIBOBJS=''
MAKEINFO='${SHELL} /usr/ports/net/libp0f-setjmp/p0flib/libp0f/missing --run makeinfo'
MKDIR_P='./install-sh -c -d'
NM='/usr/bin/nm -B'
NMEDIT=''
OBJDUMP='objdump'
OBJEXT='o'
OTOOL64=''
OTOOL=''
PACKAGE='libp0f'
PACKAGE_BUGREPORT=''
PACKAGE_NAME='libp0f'
PACKAGE_STRING='libp0f 2.0.8'
PACKAGE_TARNAME='libp0f'
PACKAGE_URL=''
PACKAGE_VERSION='2.0.8'
PATH_SEPARATOR=':'
RANLIB='ranlib'
SED='/usr/bin/sed'
SET_MAKE=''
SHELL='/bin/sh'
STRIP='strip'
VERSION='2.0.8'
ac_ct_CC=''
ac_ct_DUMPBIN=''
am__EXEEXT_FALSE=''
am__EXEEXT_TRUE='#'
am__fastdepCC_FALSE='#'
am__fastdepCC_TRUE=''
am__include='include'
am__isrc=''
am__leading_dot='.'
am__quote=''
am__tar='${AMTAR} chof - "$$tardir"'
am__untar='${AMTAR} xf -'
bindir='${exec_prefix}/bin'
build='x86_64-unknown-freebsd10.1'
build_alias=''
build_cpu='x86_64'
build_os='freebsd10.1'
build_vendor='unknown'
datadir='${datarootdir}'
datarootdir='${prefix}/share'
docdir='${datarootdir}/doc/${PACKAGE_TARNAME}'
dvidir='${docdir}'
exec_prefix='${prefix}'
host='x86_64-unknown-freebsd10.1'
host_alias=''
host_cpu='x86_64'
host_os='freebsd10.1'
host_vendor='unknown'
htmldir='${docdir}'
includedir='${prefix}/include'
infodir='${datarootdir}/info'
install_sh='${SHELL} /usr/ports/net/libp0f-setjmp/p0flib/libp0f/install-sh'
libdir='${exec_prefix}/lib'
libexecdir='${exec_prefix}/libexec'
localedir='${datarootdir}/locale'
localstatedir='${prefix}/var'
lt_ECHO='echo'
mandir='${datarootdir}/man'
mkdir_p='$(top_builddir)/./install-sh -c -d'
oldincludedir='/usr/include'
pdfdir='${docdir}'
prefix='/usr/local'
program_transform_name='s,x,x,'
psdir='${docdir}'
sbindir='${exec_prefix}/sbin'
sharedstatedir='${prefix}/com'
sysconfdir='/etc'
target_alias=''

## ----------- ##
## confdefs.h. ##
## ----------- ##

/* confdefs.h */
#define PACKAGE_NAME "libp0f"
#define PACKAGE_TARNAME "libp0f"
#define PACKAGE_VERSION "2.0.8"
#define PACKAGE_STRING "libp0f 2.0.8"
#define PACKAGE_BUGREPORT ""
#define PACKAGE_URL ""
#define PACKAGE "libp0f"
#define VERSION "2.0.8"
#define STDC_HEADERS 1
#define HAVE_SYS_TYPES_H 1
#define HAVE_SYS_STAT_H 1
#define HAVE_STDLIB_H 1
#define HAVE_STRING_H 1
#define HAVE_MEMORY_H 1
#define HAVE_STRINGS_H 1
#define HAVE_INTTYPES_H 1
#define HAVE_STDINT_H 1
#define HAVE_UNISTD_H 1
#define HAVE_DLFCN_H 1
#define LT_OBJDIR ".libs/"
#define restrict __restrict
#define HAVE_LIBPCAP 1
#define HAVE_PCAP_H 1

configure: exit 0
